# JRE version: Java(TM) SE Runtime Environment (19.0.1+10) (build 19.0.1+10-21)
# Java VM: Java HotSpot(TM) 64-Bit Server VM (19.0.1+10-21, mixed mode, sharing, tiered, compressed oops, compressed class ptrs, g1 gc, windows-amd64)
GC Precious Log:
 CardTable entry size: 512
 Card Set container configuration: InlinePtr #cards 5 size 8 Array Of Cards #cards 12 size 40 Howl #buckets 4 coarsen threshold 1843 Howl Bitmap #cards 512 size 80 coarsen threshold 460 Card regions per heap region 1 cards per card region 2048
 CPUs: 8 total, 8 available
 Memory: 16325M
 Large Page Support: Disabled
 NUMA Support: Disabled
 Compressed Oops: Enabled (32-bit)
 Heap Region Size: 1M
 Heap Min Capacity: 8M
 Heap Initial Capacity: 256M
 Heap Max Capacity: 2G
 Pre-touch: Disabled
 Parallel Workers: 8
 Concurrent Workers: 2
 Concurrent Refinement Workers: 8
 Periodic GC: Disabled
Heap:
 garbage-first heap   total 198656K, used 118873K [0x0000000080000000, 0x0000000100000000)
  region size 1024K, 6 young (6144K), 1 survivors (1024K)
 Metaspace       used 107526K, committed 109760K, reserved 1179648K
  class space    used 14444K, committed 15616K, reserved 1048576K
GC Heap History (20 events):
Event: 19.662 GC heap before
{Heap before GC invocations=28 (full 0):
 garbage-first heap   total 158720K, used 127839K [0x0000000080000000, 0x0000000100000000)
  region size 1024K, 46 young (47104K), 1 survivors (1024K)
 Metaspace       used 79172K, committed 81088K, reserved 1179648K
  class space    used 10582K, committed 11584K, reserved 1048576K
}
Event: 19.665 GC heap after
{Heap after GC invocations=29 (full 0):
 garbage-first heap   total 190464K, used 84076K [0x0000000080000000, 0x0000000100000000)
  region size 1024K, 3 young (3072K), 3 survivors (3072K)
 Metaspace       used 79172K, committed 81088K, reserved 1179648K
  class space    used 10582K, committed 11584K, reserved 1048576K
}
Event: 20.581 GC heap before
{Heap before GC invocations=29 (full 0):
 garbage-first heap   total 190464K, used 150636K [0x0000000080000000, 0x0000000100000000)
  region size 1024K, 65 young (66560K), 3 survivors (3072K)
 Metaspace       used 83353K, committed 85248K, reserved 1179648K
  class space    used 11138K, committed 12160K, reserved 1048576K
}
Event: 20.589 GC heap after
{Heap after GC invocations=30 (full 0):
 garbage-first heap   total 190464K, used 91153K [0x0000000080000000, 0x0000000100000000)
  region size 1024K, 7 young (7168K), 7 survivors (7168K)
 Metaspace       used 83353K, committed 85248K, reserved 1179648K
  class space    used 11138K, committed 12160K, reserved 1048576K
}
Event: 22.765 GC heap before
{Heap before GC invocations=30 (full 0):
 garbage-first heap   total 190464K, used 151569K [0x0000000080000000, 0x0000000100000000)
  region size 1024K, 66 young (67584K), 7 survivors (7168K)
 Metaspace       used 86620K, committed 88640K, reserved 1179648K
  class space    used 11560K, committed 12608K, reserved 1048576K
}
Event: 22.772 GC heap after
{Heap after GC invocations=31 (full 0):
 garbage-first heap   total 190464K, used 94714K [0x0000000080000000, 0x0000000100000000)
  region size 1024K, 8 young (8192K), 8 survivors (8192K)
 Metaspace       used 86620K, committed 88640K, reserved 1179648K
  class space    used 11560K, committed 12608K, reserved 1048576K
}
Event: 23.661 GC heap before
{Heap before GC invocations=31 (full 0):
 garbage-first heap   total 190464K, used 155130K [0x0000000080000000, 0x0000000100000000)
  region size 1024K, 66 young (67584K), 8 survivors (8192K)
 Metaspace       used 91243K, committed 93184K, reserved 1179648K
  class space    used 12326K, committed 13376K, reserved 1048576K
}
Event: 23.667 GC heap after
{Heap after GC invocations=32 (full 0):
 garbage-first heap   total 190464K, used 96733K [0x0000000080000000, 0x0000000100000000)
  region size 1024K, 6 young (6144K), 6 survivors (6144K)
 Metaspace       used 91243K, committed 93184K, reserved 1179648K
  class space    used 12326K, committed 13376K, reserved 1048576K
}
Event: 24.474 GC heap before
{Heap before GC invocations=32 (full 0):
 garbage-first heap   total 190464K, used 156125K [0x0000000080000000, 0x0000000100000000)
  region size 1024K, 64 young (65536K), 6 survivors (6144K)
 Metaspace       used 95235K, committed 97344K, reserved 1179648K
  class space    used 12891K, committed 14016K, reserved 1048576K
}
Event: 24.482 GC heap after
{Heap after GC invocations=33 (full 0):
 garbage-first heap   total 190464K, used 99830K [0x0000000080000000, 0x0000000100000000)
  region size 1024K, 5 young (5120K), 5 survivors (5120K)
 Metaspace       used 95235K, committed 97344K, reserved 1179648K
  class space    used 12891K, committed 14016K, reserved 1048576K
}
Event: 25.307 GC heap before
{Heap before GC invocations=34 (full 0):
 garbage-first heap   total 190464K, used 158198K [0x0000000080000000, 0x0000000100000000)
  region size 1024K, 62 young (63488K), 5 survivors (5120K)
 Metaspace       used 98989K, committed 101120K, reserved 1179648K
  class space    used 13478K, committed 14592K, reserved 1048576K
}
Event: 25.314 GC heap after
{Heap after GC invocations=35 (full 0):
 garbage-first heap   total 190464K, used 102981K [0x0000000080000000, 0x0000000100000000)
  region size 1024K, 6 young (6144K), 6 survivors (6144K)
 Metaspace       used 98989K, committed 101120K, reserved 1179648K
  class space    used 13478K, committed 14592K, reserved 1048576K
}
Event: 25.344 GC heap before
{Heap before GC invocations=35 (full 0):
 garbage-first heap   total 190464K, used 106053K [0x0000000080000000, 0x0000000100000000)
  region size 1024K, 9 young (9216K), 6 survivors (6144K)
 Metaspace       used 99185K, committed 101312K, reserved 1179648K
  class space    used 13519K, committed 14656K, reserved 1048576K
}
Event: 25.351 GC heap after
{Heap after GC invocations=36 (full 0):
 garbage-first heap   total 190464K, used 102760K [0x0000000080000000, 0x0000000100000000)
  region size 1024K, 1 young (1024K), 1 survivors (1024K)
 Metaspace       used 99185K, committed 101312K, reserved 1179648K
  class space    used 13519K, committed 14656K, reserved 1048576K
}
Event: 25.998 GC heap before
{Heap before GC invocations=36 (full 0):
 garbage-first heap   total 190464K, used 159080K [0x0000000080000000, 0x0000000100000000)
  region size 1024K, 56 young (57344K), 1 survivors (1024K)
 Metaspace       used 103199K, committed 105344K, reserved 1179648K
  class space    used 14005K, committed 15168K, reserved 1048576K
}
Event: 26.002 GC heap after
{Heap after GC invocations=37 (full 0):
 garbage-first heap   total 190464K, used 106531K [0x0000000080000000, 0x0000000100000000)
  region size 1024K, 5 young (5120K), 5 survivors (5120K)
 Metaspace       used 103199K, committed 105344K, reserved 1179648K
  class space    used 14005K, committed 15168K, reserved 1048576K
}
Event: 26.421 GC heap before
{Heap before GC invocations=37 (full 0):
 garbage-first heap   total 190464K, used 130083K [0x0000000080000000, 0x0000000100000000)
  region size 1024K, 29 young (29696K), 5 survivors (5120K)
 Metaspace       used 104694K, committed 106880K, reserved 1179648K
  class space    used 14135K, committed 15296K, reserved 1048576K
}
Event: 26.430 GC heap after
{Heap after GC invocations=38 (full 0):
 garbage-first heap   total 190464K, used 111616K [0x0000000080000000, 0x0000000100000000)
  region size 1024K, 4 young (4096K), 4 survivors (4096K)
 Metaspace       used 104694K, committed 106880K, reserved 1179648K
  class space    used 14135K, committed 15296K, reserved 1048576K
}
Event: 28.003 GC heap before
{Heap before GC invocations=39 (full 0):
 garbage-first heap   total 198656K, used 160768K [0x0000000080000000, 0x0000000100000000)
  region size 1024K, 49 young (50176K), 4 survivors (4096K)
 Metaspace       used 107521K, committed 109760K, reserved 1179648K
  class space    used 14443K, committed 15616K, reserved 1048576K
}
Event: 28.012 GC heap after
{Heap after GC invocations=40 (full 0):
 garbage-first heap   total 198656K, used 116289K [0x0000000080000000, 0x0000000100000000)
  region size 1024K, 6 young (6144K), 6 survivors (6144K)
 Metaspace       used 107521K, committed 109760K, reserved 1179648K
  class space    used 14443K, committed 15616K, reserved 1048576K
}

